<testsuites id="" name="" tests="5" failures="0" skipped="0" errors="0" time="19.938916">
<testsuite name="user-management.test.js" timestamp="2025-08-25T04:36:59.943Z" hostname="chromium" tests="5" failures="0" skipped="0" time="62.262" errors="0">
<testcase name="User Management Tests › TC-026: View all users (GET /users)" classname="user-management.test.js" time="14.072">
</testcase>
<testcase name="User Management Tests › TC-027: View user details (GET /users/{id})" classname="user-management.test.js" time="13.318">
</testcase>
<testcase name="User Management Tests › TC-028: Edit user information (PATCH /users/{id})" classname="user-management.test.js" time="15.874">
</testcase>
<testcase name="User Management Tests › TC-029: Delete user (DELETE /users/{id})" classname="user-management.test.js" time="15.774">
</testcase>
<testcase name="User Management Tests › User management navigation flow" classname="user-management.test.js" time="3.224">
</testcase>
</testsuite>
</testsuites>